mode: set
goodjobs/business/buildings/usecase.go:14.89,19.2 1 1
goodjobs/business/buildings/usecase.go:21.89,22.23 1 1
goodjobs/business/buildings/usecase.go:25.2,25.26 1 1
goodjobs/business/buildings/usecase.go:28.2,28.30 1 1
goodjobs/business/buildings/usecase.go:31.2,31.28 1 1
goodjobs/business/buildings/usecase.go:34.2,34.30 1 1
goodjobs/business/buildings/usecase.go:37.2,37.22 1 1
goodjobs/business/buildings/usecase.go:40.2,40.28 1 1
goodjobs/business/buildings/usecase.go:43.2,43.24 1 1
goodjobs/business/buildings/usecase.go:46.2,46.23 1 1
goodjobs/business/buildings/usecase.go:49.2,49.26 1 1
goodjobs/business/buildings/usecase.go:52.2,52.27 1 1
goodjobs/business/buildings/usecase.go:55.2,55.22 1 1
goodjobs/business/buildings/usecase.go:58.2,59.16 2 1
goodjobs/business/buildings/usecase.go:63.2,63.22 1 1
goodjobs/business/buildings/usecase.go:22.23,24.3 1 1
goodjobs/business/buildings/usecase.go:25.26,27.3 1 1
goodjobs/business/buildings/usecase.go:28.30,30.3 1 1
goodjobs/business/buildings/usecase.go:31.28,33.3 1 1
goodjobs/business/buildings/usecase.go:34.30,36.3 1 1
goodjobs/business/buildings/usecase.go:37.22,39.3 1 1
goodjobs/business/buildings/usecase.go:40.28,42.3 1 1
goodjobs/business/buildings/usecase.go:43.24,45.3 1 1
goodjobs/business/buildings/usecase.go:46.23,48.3 1 1
goodjobs/business/buildings/usecase.go:49.26,51.3 1 1
goodjobs/business/buildings/usecase.go:52.27,54.3 1 1
goodjobs/business/buildings/usecase.go:55.22,57.3 1 1
goodjobs/business/buildings/usecase.go:59.16,61.3 1 0
goodjobs/business/buildings/usecase.go:66.79,68.16 2 1
goodjobs/business/buildings/usecase.go:71.2,71.22 1 1
goodjobs/business/buildings/usecase.go:68.16,70.3 1 1
goodjobs/business/buildings/usecase.go:75.91,77.16 2 1
goodjobs/business/buildings/usecase.go:80.2,80.22 1 1
goodjobs/business/buildings/usecase.go:77.16,79.3 1 1
goodjobs/business/buildings/usecase.go:83.92,85.16 2 1
goodjobs/business/buildings/usecase.go:88.2,88.22 1 1
goodjobs/business/buildings/usecase.go:85.16,87.3 1 1
goodjobs/business/buildings/usecase.go:91.86,93.16 2 1
goodjobs/business/buildings/usecase.go:96.2,96.13 1 1
goodjobs/business/buildings/usecase.go:99.2,99.22 1 1
goodjobs/business/buildings/usecase.go:93.16,95.3 1 0
goodjobs/business/buildings/usecase.go:96.13,98.3 1 0
goodjobs/business/buildings/usecase.go:102.102,104.16 2 0
goodjobs/business/buildings/usecase.go:107.2,107.20 1 0
goodjobs/business/buildings/usecase.go:110.2,110.22 1 0
goodjobs/business/buildings/usecase.go:104.16,106.3 1 0
goodjobs/business/buildings/usecase.go:107.20,109.3 1 0
goodjobs/business/buildings/usecase.go:113.98,116.16 3 1
goodjobs/business/buildings/usecase.go:119.2,119.22 1 1
goodjobs/business/buildings/usecase.go:116.16,118.3 1 1
goodjobs/business/buildings/usecase.go:122.75,124.16 2 1
goodjobs/business/buildings/usecase.go:127.2,127.12 1 1
goodjobs/business/buildings/usecase.go:124.16,126.3 1 1
goodjobs/business/units/usecase.go:14.77,19.2 1 1
goodjobs/business/units/usecase.go:21.85,22.23 1 1
goodjobs/business/units/usecase.go:25.2,25.30 1 1
goodjobs/business/units/usecase.go:28.2,28.22 1 1
goodjobs/business/units/usecase.go:31.2,31.23 1 1
goodjobs/business/units/usecase.go:34.2,34.26 1 1
goodjobs/business/units/usecase.go:37.2,38.16 2 1
goodjobs/business/units/usecase.go:42.2,42.18 1 1
goodjobs/business/units/usecase.go:22.23,24.3 1 1
goodjobs/business/units/usecase.go:25.30,27.3 1 1
goodjobs/business/units/usecase.go:28.22,30.3 1 1
goodjobs/business/units/usecase.go:31.23,33.3 1 1
goodjobs/business/units/usecase.go:34.26,36.3 1 1
goodjobs/business/units/usecase.go:38.16,40.3 1 0
goodjobs/business/units/usecase.go:45.75,47.16 2 1
goodjobs/business/units/usecase.go:50.2,50.18 1 1
goodjobs/business/units/usecase.go:47.16,49.3 1 1
goodjobs/business/units/usecase.go:53.82,55.16 2 1
goodjobs/business/units/usecase.go:58.2,58.13 1 1
goodjobs/business/units/usecase.go:61.2,61.18 1 1
goodjobs/business/units/usecase.go:55.16,57.3 1 0
goodjobs/business/units/usecase.go:58.13,60.3 1 1
goodjobs/business/units/usecase.go:64.100,66.16 2 0
goodjobs/business/units/usecase.go:69.2,69.21 1 0
goodjobs/business/units/usecase.go:72.2,72.18 1 0
goodjobs/business/units/usecase.go:66.16,68.3 1 0
goodjobs/business/units/usecase.go:69.21,71.3 1 0
goodjobs/business/units/usecase.go:75.94,78.16 3 1
goodjobs/business/units/usecase.go:81.2,81.18 1 1
goodjobs/business/units/usecase.go:78.16,80.3 1 1
goodjobs/business/units/usecase.go:84.71,86.16 2 1
goodjobs/business/units/usecase.go:89.2,89.12 1 1
goodjobs/business/units/usecase.go:86.16,88.3 1 1
goodjobs/business/complexes/usecase.go:14.86,19.2 1 1
goodjobs/business/complexes/usecase.go:21.88,22.23 1 1
goodjobs/business/complexes/usecase.go:25.2,25.26 1 1
goodjobs/business/complexes/usecase.go:28.2,28.22 1 1
goodjobs/business/complexes/usecase.go:31.2,32.16 2 1
goodjobs/business/complexes/usecase.go:36.2,36.21 1 1
goodjobs/business/complexes/usecase.go:22.23,24.3 1 1
goodjobs/business/complexes/usecase.go:25.26,27.3 1 1
goodjobs/business/complexes/usecase.go:28.22,30.3 1 1
goodjobs/business/complexes/usecase.go:32.16,34.3 1 0
goodjobs/business/complexes/usecase.go:39.78,41.16 2 1
goodjobs/business/complexes/usecase.go:44.2,44.21 1 1
goodjobs/business/complexes/usecase.go:41.16,43.3 1 1
goodjobs/business/complexes/usecase.go:47.85,49.16 2 1
goodjobs/business/complexes/usecase.go:52.2,52.13 1 1
goodjobs/business/complexes/usecase.go:55.2,55.21 1 1
goodjobs/business/complexes/usecase.go:49.16,51.3 1 0
goodjobs/business/complexes/usecase.go:52.13,54.3 1 1
goodjobs/business/complexes/usecase.go:59.97,62.16 3 1
goodjobs/business/complexes/usecase.go:65.2,65.21 1 1
goodjobs/business/complexes/usecase.go:62.16,64.3 1 1
goodjobs/business/complexes/usecase.go:68.75,70.16 2 1
goodjobs/business/complexes/usecase.go:73.2,73.12 1 1
goodjobs/business/complexes/usecase.go:70.16,72.3 1 1
goodjobs/business/reviews/usecase.go:15.83,20.2 1 1
goodjobs/business/reviews/usecase.go:23.87,25.24 2 1
goodjobs/business/reviews/usecase.go:28.2,28.30 1 1
goodjobs/business/reviews/usecase.go:31.2,31.25 1 1
goodjobs/business/reviews/usecase.go:34.2,34.29 1 1
goodjobs/business/reviews/usecase.go:37.2,38.16 2 1
goodjobs/business/reviews/usecase.go:42.2,42.20 1 1
goodjobs/business/reviews/usecase.go:25.24,27.3 1 1
goodjobs/business/reviews/usecase.go:28.30,30.3 1 1
goodjobs/business/reviews/usecase.go:31.25,33.3 1 1
goodjobs/business/reviews/usecase.go:34.29,36.3 1 1
goodjobs/business/reviews/usecase.go:38.16,40.3 1 0
goodjobs/business/reviews/usecase.go:45.77,47.16 2 1
goodjobs/business/reviews/usecase.go:50.2,50.20 1 1
goodjobs/business/reviews/usecase.go:47.16,49.3 1 1
goodjobs/business/reviews/usecase.go:53.102,55.16 2 1
goodjobs/business/reviews/usecase.go:58.2,58.21 1 1
goodjobs/business/reviews/usecase.go:61.2,61.20 1 1
goodjobs/business/reviews/usecase.go:55.16,57.3 1 1
goodjobs/business/reviews/usecase.go:58.21,60.3 1 0
goodjobs/business/reviews/usecase.go:64.96,67.16 3 1
goodjobs/business/reviews/usecase.go:70.2,70.20 1 1
goodjobs/business/reviews/usecase.go:67.16,69.3 1 1
goodjobs/business/reviews/usecase.go:73.73,75.16 2 1
goodjobs/business/reviews/usecase.go:78.2,78.12 1 1
goodjobs/business/reviews/usecase.go:75.16,77.3 1 1
goodjobs/business/users/usecase.go:21.110,27.2 1 1
goodjobs/business/users/usecase.go:29.94,30.24 1 1
goodjobs/business/users/usecase.go:33.2,33.23 1 1
goodjobs/business/users/usecase.go:36.2,36.24 1 1
goodjobs/business/users/usecase.go:39.2,39.27 1 1
goodjobs/business/users/usecase.go:42.2,43.16 2 1
goodjobs/business/users/usecase.go:46.2,49.16 3 1
goodjobs/business/users/usecase.go:53.2,53.18 1 1
goodjobs/business/users/usecase.go:30.24,32.3 1 1
goodjobs/business/users/usecase.go:33.23,35.3 1 1
goodjobs/business/users/usecase.go:36.24,38.3 1 0
goodjobs/business/users/usecase.go:39.27,41.3 1 0
goodjobs/business/users/usecase.go:43.16,45.3 1 0
goodjobs/business/users/usecase.go:49.16,51.3 1 0
goodjobs/business/users/usecase.go:56.114,58.17 1 1
goodjobs/business/users/usecase.go:61.2,61.20 1 1
goodjobs/business/users/usecase.go:66.2,67.16 2 1
goodjobs/business/users/usecase.go:71.2,72.16 2 1
goodjobs/business/users/usecase.go:76.2,77.21 2 1
goodjobs/business/users/usecase.go:80.2,80.17 1 1
goodjobs/business/users/usecase.go:83.2,83.25 1 1
goodjobs/business/users/usecase.go:58.17,60.3 1 1
goodjobs/business/users/usecase.go:61.20,64.3 1 1
goodjobs/business/users/usecase.go:67.16,69.3 1 1
goodjobs/business/users/usecase.go:72.16,74.3 1 1
goodjobs/business/users/usecase.go:77.21,79.3 1 0
goodjobs/business/users/usecase.go:80.17,82.3 1 0
goodjobs/business/users/usecase.go:86.109,87.17 1 1
goodjobs/business/users/usecase.go:90.2,90.20 1 1
goodjobs/business/users/usecase.go:94.2,95.16 2 0
goodjobs/business/users/usecase.go:98.2,99.16 2 0
goodjobs/business/users/usecase.go:102.2,102.19 1 0
goodjobs/business/users/usecase.go:87.17,89.3 1 1
goodjobs/business/users/usecase.go:90.20,93.3 1 1
goodjobs/business/users/usecase.go:95.16,97.3 1 0
goodjobs/business/users/usecase.go:99.16,101.3 1 0
goodjobs/business/users/usecase.go:106.108,109.16 3 1
goodjobs/business/users/usecase.go:112.2,114.16 3 1
goodjobs/business/users/usecase.go:117.2,117.18 1 1
goodjobs/business/users/usecase.go:109.16,111.3 1 0
goodjobs/business/users/usecase.go:114.16,116.3 1 1
goodjobs/business/users/usecase.go:121.90,122.17 1 1
goodjobs/business/users/usecase.go:125.2,126.16 2 1
goodjobs/business/users/usecase.go:129.2,129.19 1 1
goodjobs/business/users/usecase.go:122.17,124.3 1 1
goodjobs/business/users/usecase.go:126.16,128.3 1 0
goodjobs/business/users/usecase.go:132.82,134.16 2 1
goodjobs/business/users/usecase.go:137.2,137.13 1 1
goodjobs/business/users/usecase.go:140.2,140.18 1 1
goodjobs/business/users/usecase.go:134.16,136.3 1 1
goodjobs/business/users/usecase.go:137.13,139.3 1 1
goodjobs/business/users/usecase.go:143.79,145.16 2 1
goodjobs/business/users/usecase.go:148.2,148.18 1 1
goodjobs/business/users/usecase.go:145.16,147.3 1 1
goodjobs/business/users/usecase.go:151.104,154.16 3 1
goodjobs/business/users/usecase.go:157.2,157.18 1 1
goodjobs/business/users/usecase.go:154.16,156.3 1 1
goodjobs/business/users/usecase.go:161.79,163.16 2 1
goodjobs/business/users/usecase.go:166.2,166.12 1 1
goodjobs/business/users/usecase.go:163.16,165.3 1 1
